{"/home/gustavojunio/dev/personal/xflow-project/api/src/app.ts": {"path":"/home/gustavojunio/dev/personal/xflow-project/api/src/app.ts","statementMap":{"0":{"start":{"line":1,"column":0},"end":{"line":1,"column":30}},"1":{"start":{"line":2,"column":0},"end":{"line":2,"column":24}},"2":{"start":{"line":3,"column":0},"end":{"line":3,"column":58}},"3":{"start":{"line":4,"column":0},"end":{"line":4,"column":56}},"4":{"start":{"line":5,"column":0},"end":{"line":5,"column":65}},"5":{"start":{"line":6,"column":0},"end":{"line":6,"column":68}},"6":{"start":{"line":7,"column":0},"end":{"line":7,"column":62}},"7":{"start":{"line":8,"column":0},"end":{"line":8,"column":66}},"8":{"start":{"line":10,"column":12},"end":{"line":10,"column":21}},"9":{"start":{"line":31,"column":9},"end":{"line":31,"column":12}},"10":{"start":{"line":13,"column":0},"end":{"line":13,"column":16}},"11":{"start":{"line":14,"column":0},"end":{"line":14,"column":24}},"12":{"start":{"line":17,"column":0},"end":{"line":17,"column":24}},"13":{"start":{"line":20,"column":0},"end":{"line":20,"column":36}},"14":{"start":{"line":21,"column":0},"end":{"line":21,"column":37}},"15":{"start":{"line":22,"column":0},"end":{"line":22,"column":42}},"16":{"start":{"line":23,"column":0},"end":{"line":23,"column":44}},"17":{"start":{"line":24,"column":0},"end":{"line":24,"column":40}},"18":{"start":{"line":27,"column":0},"end":{"line":29,"column":3}},"19":{"start":{"line":28,"column":2},"end":{"line":28,"column":74}},"20":{"start":{"line":32,"column":0},"end":{"line":32,"column":19}}},"fnMap":{"0":{"name":"(anonymous_1)","decl":{"start":{"line":27,"column":19},"end":{"line":27,"column":20}},"loc":{"start":{"line":27,"column":32},"end":{"line":29,"column":1}}}},"branchMap":{},"s":{"0":1,"1":1,"2":1,"3":1,"4":1,"5":1,"6":1,"7":1,"8":1,"9":1,"10":1,"11":1,"12":1,"13":1,"14":1,"15":1,"16":1,"17":1,"18":1,"19":1,"20":1},"f":{"0":1},"b":{}}
,"/home/gustavojunio/dev/personal/xflow-project/api/src/config.ts": {"path":"/home/gustavojunio/dev/personal/xflow-project/api/src/config.ts","statementMap":{"0":{"start":{"line":1,"column":0},"end":{"line":1,"column":28}},"1":{"start":{"line":3,"column":0},"end":{"line":3,"column":16}},"2":{"start":{"line":12,"column":26},"end":{"line":17,"column":2}},"3":{"start":{"line":19,"column":0},"end":{"line":19,"column":22}}},"fnMap":{},"branchMap":{"0":{"loc":{"start":{"line":13,"column":8},"end":{"line":13,"column":58}},"type":"cond-expr","locations":[{"start":{"line":13,"column":27},"end":{"line":13,"column":51}},{"start":{"line":13,"column":54},"end":{"line":13,"column":58}}]},"1":{"loc":{"start":{"line":14,"column":7},"end":{"line":14,"column":44}},"type":"binary-expr","locations":[{"start":{"line":14,"column":7},"end":{"line":14,"column":27}},{"start":{"line":14,"column":31},"end":{"line":14,"column":44}}]},"2":{"loc":{"start":{"line":15,"column":13},"end":{"line":15,"column":64}},"type":"binary-expr","locations":[{"start":{"line":15,"column":13},"end":{"line":15,"column":35}},{"start":{"line":15,"column":39},"end":{"line":15,"column":64}}]},"3":{"loc":{"start":{"line":16,"column":16},"end":{"line":16,"column":50}},"type":"binary-expr","locations":[{"start":{"line":16,"column":16},"end":{"line":16,"column":42}},{"start":{"line":16,"column":46},"end":{"line":16,"column":50}}]}},"s":{"0":1,"1":1,"2":1,"3":1},"f":{},"b":{"0":[1,0],"1":[1,0],"2":[1,0],"3":[1,1]}}
,"/home/gustavojunio/dev/personal/xflow-project/api/src/modules/assets/assets.controller.ts": {"path":"/home/gustavojunio/dev/personal/xflow-project/api/src/modules/assets/assets.controller.ts","statementMap":{"0":{"start":{"line":2,"column":0},"end":{"line":2,"column":49}},"1":{"start":{"line":3,"column":0},"end":{"line":3,"column":60}},"2":{"start":{"line":4,"column":0},"end":{"line":4,"column":67}},"3":{"start":{"line":5,"column":0},"end":{"line":5,"column":20}},"4":{"start":{"line":6,"column":0},"end":{"line":6,"column":24}},"5":{"start":{"line":7,"column":0},"end":{"line":7,"column":26}},"6":{"start":{"line":10,"column":20},"end":{"line":10,"column":33}},"7":{"start":{"line":13,"column":4},"end":{"line":36,"column":5}},"8":{"start":{"line":14,"column":24},"end":{"line":14,"column":39}},"9":{"start":{"line":15,"column":6},"end":{"line":15,"column":77}},"10":{"start":{"line":15,"column":29},"end":{"line":15,"column":77}},"11":{"start":{"line":16,"column":6},"end":{"line":16,"column":72}},"12":{"start":{"line":16,"column":36},"end":{"line":16,"column":72}},"13":{"start":{"line":17,"column":6},"end":{"line":29,"column":7}},"14":{"start":{"line":18,"column":27},"end":{"line":18,"column":50}},"15":{"start":{"line":19,"column":8},"end":{"line":19,"column":86}},"16":{"start":{"line":19,"column":40},"end":{"line":19,"column":86}},"17":{"start":{"line":20,"column":25},"end":{"line":20,"column":65}},"18":{"start":{"line":21,"column":25},"end":{"line":21,"column":56}},"19":{"start":{"line":22,"column":8},"end":{"line":26,"column":9}},"20":{"start":{"line":23,"column":10},"end":{"line":23,"column":78}},"21":{"start":{"line":25,"column":10},"end":{"line":25,"column":54}},"22":{"start":{"line":27,"column":21},"end":{"line":27,"column":129}},"23":{"start":{"line":28,"column":8},"end":{"line":28,"column":33}},"24":{"start":{"line":31,"column":20},"end":{"line":31,"column":51}},"25":{"start":{"line":32,"column":6},"end":{"line":32,"column":140}},"26":{"start":{"line":33,"column":6},"end":{"line":33,"column":41}},"27":{"start":{"line":35,"column":6},"end":{"line":35,"column":58}},"28":{"start":{"line":40,"column":4},"end":{"line":45,"column":5}},"29":{"start":{"line":41,"column":21},"end":{"line":41,"column":46}},"30":{"start":{"line":42,"column":6},"end":{"line":42,"column":30}},"31":{"start":{"line":44,"column":6},"end":{"line":44,"column":58}},"32":{"start":{"line":49,"column":4},"end":{"line":55,"column":5}},"33":{"start":{"line":50,"column":20},"end":{"line":50,"column":57}},"34":{"start":{"line":51,"column":6},"end":{"line":51,"column":70}},"35":{"start":{"line":51,"column":18},"end":{"line":51,"column":70}},"36":{"start":{"line":52,"column":6},"end":{"line":52,"column":29}},"37":{"start":{"line":54,"column":6},"end":{"line":54,"column":58}},"38":{"start":{"line":59,"column":4},"end":{"line":65,"column":5}},"39":{"start":{"line":60,"column":22},"end":{"line":60,"column":72}},"40":{"start":{"line":61,"column":6},"end":{"line":61,"column":148}},"41":{"start":{"line":62,"column":6},"end":{"line":62,"column":31}},"42":{"start":{"line":64,"column":6},"end":{"line":64,"column":58}},"43":{"start":{"line":69,"column":4},"end":{"line":75,"column":5}},"44":{"start":{"line":70,"column":22},"end":{"line":70,"column":62}},"45":{"start":{"line":71,"column":6},"end":{"line":71,"column":152}},"46":{"start":{"line":72,"column":6},"end":{"line":72,"column":50}},"47":{"start":{"line":74,"column":6},"end":{"line":74,"column":58}},"48":{"start":{"line":9,"column":0},"end":{"line":9,"column":13}},"49":{"start":{"line":79,"column":13},"end":{"line":79,"column":55}}},"fnMap":{"0":{"name":"(anonymous_1)","decl":{"start":{"line":12,"column":2},"end":{"line":12,"column":7}},"loc":{"start":{"line":12,"column":42},"end":{"line":37,"column":3}}},"1":{"name":"(anonymous_2)","decl":{"start":{"line":39,"column":2},"end":{"line":39,"column":7}},"loc":{"start":{"line":39,"column":40},"end":{"line":46,"column":3}}},"2":{"name":"(anonymous_3)","decl":{"start":{"line":48,"column":2},"end":{"line":48,"column":7}},"loc":{"start":{"line":48,"column":39},"end":{"line":56,"column":3}}},"3":{"name":"(anonymous_4)","decl":{"start":{"line":58,"column":2},"end":{"line":58,"column":7}},"loc":{"start":{"line":58,"column":42},"end":{"line":66,"column":3}}},"4":{"name":"(anonymous_5)","decl":{"start":{"line":68,"column":2},"end":{"line":68,"column":7}},"loc":{"start":{"line":68,"column":42},"end":{"line":76,"column":3}}}},"branchMap":{"0":{"loc":{"start":{"line":15,"column":6},"end":{"line":15,"column":77}},"type":"if","locations":[{"start":{"line":15,"column":6},"end":{"line":15,"column":77}}]},"1":{"loc":{"start":{"line":16,"column":6},"end":{"line":16,"column":72}},"type":"if","locations":[{"start":{"line":16,"column":6},"end":{"line":16,"column":72}}]},"2":{"loc":{"start":{"line":17,"column":6},"end":{"line":29,"column":7}},"type":"if","locations":[{"start":{"line":17,"column":6},"end":{"line":29,"column":7}}]},"3":{"loc":{"start":{"line":19,"column":8},"end":{"line":19,"column":86}},"type":"if","locations":[{"start":{"line":19,"column":8},"end":{"line":19,"column":86}}]},"4":{"loc":{"start":{"line":22,"column":8},"end":{"line":26,"column":9}},"type":"if","locations":[{"start":{"line":22,"column":8},"end":{"line":26,"column":9}},{"start":{"line":24,"column":15},"end":{"line":26,"column":9}}]},"5":{"loc":{"start":{"line":51,"column":6},"end":{"line":51,"column":70}},"type":"if","locations":[{"start":{"line":51,"column":6},"end":{"line":51,"column":70}}]}},"s":{"0":1,"1":1,"2":1,"3":1,"4":1,"5":1,"6":1,"7":0,"8":0,"9":0,"10":0,"11":0,"12":0,"13":0,"14":0,"15":0,"16":0,"17":0,"18":0,"19":0,"20":0,"21":0,"22":0,"23":0,"24":0,"25":0,"26":0,"27":0,"28":0,"29":0,"30":0,"31":0,"32":0,"33":0,"34":0,"35":0,"36":0,"37":0,"38":0,"39":0,"40":0,"41":0,"42":0,"43":0,"44":0,"45":0,"46":0,"47":0,"48":1,"49":1},"f":{"0":0,"1":0,"2":0,"3":0,"4":0},"b":{"0":[0],"1":[0],"2":[0],"3":[0],"4":[0,0],"5":[0]}}
,"/home/gustavojunio/dev/personal/xflow-project/api/src/modules/assets/assets.repository.ts": {"path":"/home/gustavojunio/dev/personal/xflow-project/api/src/modules/assets/assets.repository.ts","statementMap":{"0":{"start":{"line":1,"column":0},"end":{"line":1,"column":53}},"1":{"start":{"line":2,"column":0},"end":{"line":2,"column":46}},"2":{"start":{"line":3,"column":0},"end":{"line":3,"column":26}},"3":{"start":{"line":5,"column":22},"end":{"line":5,"column":52}},"4":{"start":{"line":6,"column":25},"end":{"line":6,"column":64}},"5":{"start":{"line":7,"column":13},"end":{"line":7,"column":43}},"6":{"start":{"line":8,"column":16},"end":{"line":8,"column":34}},"7":{"start":{"line":10,"column":15},"end":{"line":10,"column":44}},"8":{"start":{"line":14,"column":4},"end":{"line":14,"column":41}},"9":{"start":{"line":18,"column":4},"end":{"line":18,"column":65}},"10":{"start":{"line":22,"column":4},"end":{"line":22,"column":82}},"11":{"start":{"line":26,"column":4},"end":{"line":26,"column":56}},"12":{"start":{"line":30,"column":4},"end":{"line":30,"column":50}},"13":{"start":{"line":12,"column":0},"end":{"line":12,"column":13}},"14":{"start":{"line":34,"column":13},"end":{"line":34,"column":55}}},"fnMap":{"0":{"name":"(anonymous_0)","decl":{"start":{"line":13,"column":2},"end":{"line":13,"column":7}},"loc":{"start":{"line":13,"column":24},"end":{"line":15,"column":3}}},"1":{"name":"(anonymous_1)","decl":{"start":{"line":17,"column":2},"end":{"line":17,"column":7}},"loc":{"start":{"line":17,"column":15},"end":{"line":19,"column":3}}},"2":{"name":"(anonymous_2)","decl":{"start":{"line":21,"column":2},"end":{"line":21,"column":7}},"loc":{"start":{"line":21,"column":27},"end":{"line":23,"column":3}}},"3":{"name":"(anonymous_3)","decl":{"start":{"line":25,"column":2},"end":{"line":25,"column":7}},"loc":{"start":{"line":25,"column":36},"end":{"line":27,"column":3}}},"4":{"name":"(anonymous_4)","decl":{"start":{"line":29,"column":2},"end":{"line":29,"column":7}},"loc":{"start":{"line":29,"column":25},"end":{"line":31,"column":3}}}},"branchMap":{"0":{"loc":{"start":{"line":5,"column":22},"end":{"line":5,"column":52}},"type":"binary-expr","locations":[{"start":{"line":5,"column":22},"end":{"line":5,"column":46}},{"start":{"line":5,"column":50},"end":{"line":5,"column":52}}]}},"s":{"0":1,"1":1,"2":1,"3":1,"4":1,"5":1,"6":1,"7":1,"8":0,"9":0,"10":0,"11":0,"12":0,"13":1,"14":1},"f":{"0":0,"1":0,"2":0,"3":0,"4":0},"b":{"0":[1,0]}}
,"/home/gustavojunio/dev/personal/xflow-project/api/src/modules/assets/assets.routes.ts": {"path":"/home/gustavojunio/dev/personal/xflow-project/api/src/modules/assets/assets.routes.ts","statementMap":{"0":{"start":{"line":1,"column":0},"end":{"line":1,"column":33}},"1":{"start":{"line":2,"column":0},"end":{"line":2,"column":55}},"2":{"start":{"line":3,"column":0},"end":{"line":3,"column":68}},"3":{"start":{"line":5,"column":21},"end":{"line":5,"column":29}},"4":{"start":{"line":13,"column":9},"end":{"line":13,"column":21}},"5":{"start":{"line":7,"column":0},"end":{"line":7,"column":84}},"6":{"start":{"line":7,"column":49},"end":{"line":7,"column":82}},"7":{"start":{"line":8,"column":0},"end":{"line":8,"column":69}},"8":{"start":{"line":8,"column":36},"end":{"line":8,"column":67}},"9":{"start":{"line":9,"column":0},"end":{"line":9,"column":71}},"10":{"start":{"line":9,"column":39},"end":{"line":9,"column":69}},"11":{"start":{"line":10,"column":0},"end":{"line":10,"column":74}},"12":{"start":{"line":10,"column":39},"end":{"line":10,"column":72}},"13":{"start":{"line":11,"column":0},"end":{"line":11,"column":77}},"14":{"start":{"line":11,"column":42},"end":{"line":11,"column":75}}},"fnMap":{"0":{"name":"(anonymous_1)","decl":{"start":{"line":7,"column":35},"end":{"line":7,"column":36}},"loc":{"start":{"line":7,"column":49},"end":{"line":7,"column":82}}},"1":{"name":"(anonymous_2)","decl":{"start":{"line":8,"column":22},"end":{"line":8,"column":23}},"loc":{"start":{"line":8,"column":36},"end":{"line":8,"column":67}}},"2":{"name":"(anonymous_3)","decl":{"start":{"line":9,"column":25},"end":{"line":9,"column":26}},"loc":{"start":{"line":9,"column":39},"end":{"line":9,"column":69}}},"3":{"name":"(anonymous_4)","decl":{"start":{"line":10,"column":25},"end":{"line":10,"column":26}},"loc":{"start":{"line":10,"column":39},"end":{"line":10,"column":72}}},"4":{"name":"(anonymous_5)","decl":{"start":{"line":11,"column":28},"end":{"line":11,"column":29}},"loc":{"start":{"line":11,"column":42},"end":{"line":11,"column":75}}}},"branchMap":{},"s":{"0":1,"1":1,"2":1,"3":1,"4":1,"5":1,"6":0,"7":1,"8":0,"9":1,"10":0,"11":1,"12":0,"13":1,"14":0},"f":{"0":0,"1":0,"2":0,"3":0,"4":0},"b":{}}
,"/home/gustavojunio/dev/personal/xflow-project/api/src/modules/assets/assets.service.ts": {"path":"/home/gustavojunio/dev/personal/xflow-project/api/src/modules/assets/assets.service.ts","statementMap":{"0":{"start":{"line":1,"column":0},"end":{"line":1,"column":55}},"1":{"start":{"line":4,"column":17},"end":{"line":4,"column":33}},"2":{"start":{"line":7,"column":4},"end":{"line":7,"column":34}},"3":{"start":{"line":11,"column":4},"end":{"line":11,"column":31}},"4":{"start":{"line":15,"column":4},"end":{"line":15,"column":34}},"5":{"start":{"line":19,"column":4},"end":{"line":19,"column":38}},"6":{"start":{"line":23,"column":4},"end":{"line":23,"column":32}},"7":{"start":{"line":3,"column":0},"end":{"line":3,"column":13}},"8":{"start":{"line":27,"column":13},"end":{"line":27,"column":49}}},"fnMap":{"0":{"name":"(anonymous_0)","decl":{"start":{"line":6,"column":2},"end":{"line":6,"column":7}},"loc":{"start":{"line":6,"column":24},"end":{"line":8,"column":3}}},"1":{"name":"(anonymous_1)","decl":{"start":{"line":10,"column":2},"end":{"line":10,"column":7}},"loc":{"start":{"line":10,"column":12},"end":{"line":12,"column":3}}},"2":{"name":"(anonymous_2)","decl":{"start":{"line":14,"column":2},"end":{"line":14,"column":7}},"loc":{"start":{"line":14,"column":22},"end":{"line":16,"column":3}}},"3":{"name":"(anonymous_3)","decl":{"start":{"line":18,"column":2},"end":{"line":18,"column":7}},"loc":{"start":{"line":18,"column":36},"end":{"line":20,"column":3}}},"4":{"name":"(anonymous_4)","decl":{"start":{"line":22,"column":2},"end":{"line":22,"column":7}},"loc":{"start":{"line":22,"column":25},"end":{"line":24,"column":3}}}},"branchMap":{},"s":{"0":1,"1":1,"2":0,"3":0,"4":0,"5":0,"6":0,"7":1,"8":1},"f":{"0":0,"1":0,"2":0,"3":0,"4":0},"b":{}}
,"/home/gustavojunio/dev/personal/xflow-project/api/src/modules/auth/auth.controller.ts": {"path":"/home/gustavojunio/dev/personal/xflow-project/api/src/modules/auth/auth.controller.ts","statementMap":{"0":{"start":{"line":2,"column":0},"end":{"line":2,"column":45}},"1":{"start":{"line":3,"column":0},"end":{"line":3,"column":67}},"2":{"start":{"line":7,"column":4},"end":{"line":14,"column":5}},"3":{"start":{"line":8,"column":34},"end":{"line":8,"column":42}},"4":{"start":{"line":9,"column":21},"end":{"line":9,"column":61}},"5":{"start":{"line":10,"column":6},"end":{"line":10,"column":131}},"6":{"start":{"line":11,"column":6},"end":{"line":11,"column":47}},"7":{"start":{"line":13,"column":6},"end":{"line":13,"column":58}},"8":{"start":{"line":5,"column":0},"end":{"line":5,"column":13}},"9":{"start":{"line":18,"column":13},"end":{"line":18,"column":51}}},"fnMap":{"0":{"name":"(anonymous_0)","decl":{"start":{"line":6,"column":2},"end":{"line":6,"column":7}},"loc":{"start":{"line":6,"column":41},"end":{"line":15,"column":3}}}},"branchMap":{},"s":{"0":1,"1":1,"2":0,"3":0,"4":0,"5":0,"6":0,"7":0,"8":1,"9":1},"f":{"0":0},"b":{}}
,"/home/gustavojunio/dev/personal/xflow-project/api/src/modules/auth/auth.routes.ts": {"path":"/home/gustavojunio/dev/personal/xflow-project/api/src/modules/auth/auth.routes.ts","statementMap":{"0":{"start":{"line":1,"column":0},"end":{"line":1,"column":33}},"1":{"start":{"line":2,"column":0},"end":{"line":2,"column":51}},"2":{"start":{"line":4,"column":19},"end":{"line":4,"column":27}},"3":{"start":{"line":8,"column":9},"end":{"line":8,"column":19}},"4":{"start":{"line":6,"column":0},"end":{"line":6,"column":72}},"5":{"start":{"line":6,"column":40},"end":{"line":6,"column":70}}},"fnMap":{"0":{"name":"(anonymous_0)","decl":{"start":{"line":6,"column":26},"end":{"line":6,"column":27}},"loc":{"start":{"line":6,"column":40},"end":{"line":6,"column":70}}}},"branchMap":{},"s":{"0":1,"1":1,"2":1,"3":1,"4":1,"5":0},"f":{"0":0},"b":{}}
,"/home/gustavojunio/dev/personal/xflow-project/api/src/modules/auth/auth.service.ts": {"path":"/home/gustavojunio/dev/personal/xflow-project/api/src/modules/auth/auth.service.ts","statementMap":{"0":{"start":{"line":1,"column":0},"end":{"line":1,"column":60}},"1":{"start":{"line":2,"column":0},"end":{"line":2,"column":28}},"2":{"start":{"line":3,"column":0},"end":{"line":3,"column":56}},"3":{"start":{"line":4,"column":0},"end":{"line":4,"column":34}},"4":{"start":{"line":7,"column":22},"end":{"line":7,"column":43}},"5":{"start":{"line":10,"column":17},"end":{"line":10,"column":56}},"6":{"start":{"line":11,"column":4},"end":{"line":11,"column":61}},"7":{"start":{"line":11,"column":15},"end":{"line":11,"column":61}},"8":{"start":{"line":13,"column":18},"end":{"line":13,"column":63}},"9":{"start":{"line":14,"column":4},"end":{"line":14,"column":62}},"10":{"start":{"line":14,"column":16},"end":{"line":14,"column":62}},"11":{"start":{"line":16,"column":27},"end":{"line":16,"column":53}},"12":{"start":{"line":17,"column":33},"end":{"line":17,"column":92}},"13":{"start":{"line":19,"column":18},"end":{"line":19,"column":64}},"14":{"start":{"line":21,"column":4},"end":{"line":21,"column":27}},"15":{"start":{"line":6,"column":0},"end":{"line":6,"column":13}},"16":{"start":{"line":25,"column":13},"end":{"line":25,"column":45}}},"fnMap":{"0":{"name":"(anonymous_1)","decl":{"start":{"line":9,"column":2},"end":{"line":9,"column":7}},"loc":{"start":{"line":9,"column":45},"end":{"line":22,"column":3}}}},"branchMap":{"0":{"loc":{"start":{"line":11,"column":4},"end":{"line":11,"column":61}},"type":"if","locations":[{"start":{"line":11,"column":4},"end":{"line":11,"column":61}}]},"1":{"loc":{"start":{"line":14,"column":4},"end":{"line":14,"column":62}},"type":"if","locations":[{"start":{"line":14,"column":4},"end":{"line":14,"column":62}}]}},"s":{"0":1,"1":1,"2":1,"3":1,"4":1,"5":0,"6":0,"7":0,"8":0,"9":0,"10":0,"11":0,"12":0,"13":0,"14":0,"15":1,"16":1},"f":{"0":0},"b":{"0":[0],"1":[0]}}
,"/home/gustavojunio/dev/personal/xflow-project/api/src/modules/files/files.repository.ts": {"path":"/home/gustavojunio/dev/personal/xflow-project/api/src/modules/files/files.repository.ts","statementMap":{"0":{"start":{"line":1,"column":0},"end":{"line":1,"column":52}},"1":{"start":{"line":2,"column":0},"end":{"line":2,"column":46}},"2":{"start":{"line":3,"column":0},"end":{"line":3,"column":26}},"3":{"start":{"line":4,"column":0},"end":{"line":4,"column":20}},"4":{"start":{"line":5,"column":0},"end":{"line":5,"column":24}},"5":{"start":{"line":7,"column":22},"end":{"line":7,"column":52}},"6":{"start":{"line":8,"column":25},"end":{"line":8,"column":64}},"7":{"start":{"line":9,"column":13},"end":{"line":9,"column":43}},"8":{"start":{"line":10,"column":16},"end":{"line":10,"column":34}},"9":{"start":{"line":12,"column":15},"end":{"line":12,"column":44}},"10":{"start":{"line":16,"column":4},"end":{"line":16,"column":40}},"11":{"start":{"line":20,"column":17},"end":{"line":20,"column":64}},"12":{"start":{"line":21,"column":4},"end":{"line":21,"column":27}},"13":{"start":{"line":21,"column":15},"end":{"line":21,"column":27}},"14":{"start":{"line":22,"column":4},"end":{"line":24,"column":18}},"15":{"start":{"line":23,"column":6},"end":{"line":23,"column":45}},"16":{"start":{"line":25,"column":4},"end":{"line":25,"column":49}},"17":{"start":{"line":14,"column":0},"end":{"line":14,"column":13}},"18":{"start":{"line":29,"column":13},"end":{"line":29,"column":53}}},"fnMap":{"0":{"name":"(anonymous_1)","decl":{"start":{"line":15,"column":2},"end":{"line":15,"column":7}},"loc":{"start":{"line":15,"column":24},"end":{"line":17,"column":3}}},"1":{"name":"(anonymous_2)","decl":{"start":{"line":19,"column":2},"end":{"line":19,"column":7}},"loc":{"start":{"line":19,"column":25},"end":{"line":26,"column":3}}}},"branchMap":{"0":{"loc":{"start":{"line":7,"column":22},"end":{"line":7,"column":52}},"type":"binary-expr","locations":[{"start":{"line":7,"column":22},"end":{"line":7,"column":46}},{"start":{"line":7,"column":50},"end":{"line":7,"column":52}}]},"1":{"loc":{"start":{"line":21,"column":4},"end":{"line":21,"column":27}},"type":"if","locations":[{"start":{"line":21,"column":4},"end":{"line":21,"column":27}}]}},"s":{"0":1,"1":1,"2":1,"3":1,"4":1,"5":1,"6":1,"7":1,"8":1,"9":1,"10":0,"11":0,"12":0,"13":0,"14":0,"15":0,"16":0,"17":1,"18":1},"f":{"0":0,"1":0},"b":{"0":[1,0],"1":[0]}}
,"/home/gustavojunio/dev/personal/xflow-project/api/src/modules/payments/payments.controller.ts": {"path":"/home/gustavojunio/dev/personal/xflow-project/api/src/modules/payments/payments.controller.ts","statementMap":{"0":{"start":{"line":2,"column":0},"end":{"line":2,"column":53}},"1":{"start":{"line":3,"column":0},"end":{"line":3,"column":60}},"2":{"start":{"line":4,"column":0},"end":{"line":4,"column":67}},"3":{"start":{"line":5,"column":0},"end":{"line":5,"column":20}},"4":{"start":{"line":6,"column":0},"end":{"line":6,"column":24}},"5":{"start":{"line":7,"column":0},"end":{"line":7,"column":26}},"6":{"start":{"line":10,"column":20},"end":{"line":10,"column":35}},"7":{"start":{"line":13,"column":4},"end":{"line":46,"column":5}},"8":{"start":{"line":14,"column":24},"end":{"line":14,"column":39}},"9":{"start":{"line":16,"column":6},"end":{"line":16,"column":75}},"10":{"start":{"line":16,"column":37},"end":{"line":16,"column":75}},"11":{"start":{"line":17,"column":6},"end":{"line":17,"column":62}},"12":{"start":{"line":17,"column":24},"end":{"line":17,"column":62}},"13":{"start":{"line":19,"column":25},"end":{"line":19,"column":41}},"14":{"start":{"line":20,"column":6},"end":{"line":20,"column":78}},"15":{"start":{"line":20,"column":43},"end":{"line":20,"column":78}},"16":{"start":{"line":23,"column":6},"end":{"line":39,"column":7}},"17":{"start":{"line":24,"column":27},"end":{"line":24,"column":50}},"18":{"start":{"line":25,"column":8},"end":{"line":25,"column":86}},"19":{"start":{"line":25,"column":40},"end":{"line":25,"column":86}},"20":{"start":{"line":26,"column":20},"end":{"line":26,"column":55}},"21":{"start":{"line":27,"column":25},"end":{"line":27,"column":65}},"22":{"start":{"line":28,"column":25},"end":{"line":28,"column":56}},"23":{"start":{"line":30,"column":8},"end":{"line":35,"column":9}},"24":{"start":{"line":32,"column":10},"end":{"line":32,"column":78}},"25":{"start":{"line":34,"column":10},"end":{"line":34,"column":54}},"26":{"start":{"line":37,"column":21},"end":{"line":37,"column":129}},"27":{"start":{"line":38,"column":8},"end":{"line":38,"column":30}},"28":{"start":{"line":41,"column":22},"end":{"line":41,"column":60}},"29":{"start":{"line":42,"column":6},"end":{"line":42,"column":142}},"30":{"start":{"line":43,"column":6},"end":{"line":43,"column":43}},"31":{"start":{"line":45,"column":6},"end":{"line":45,"column":58}},"32":{"start":{"line":50,"column":4},"end":{"line":56,"column":5}},"33":{"start":{"line":51,"column":37},"end":{"line":51,"column":53}},"34":{"start":{"line":52,"column":23},"end":{"line":52,"column":70}},"35":{"start":{"line":53,"column":6},"end":{"line":53,"column":32}},"36":{"start":{"line":55,"column":6},"end":{"line":55,"column":58}},"37":{"start":{"line":60,"column":4},"end":{"line":66,"column":5}},"38":{"start":{"line":61,"column":22},"end":{"line":61,"column":59}},"39":{"start":{"line":62,"column":6},"end":{"line":62,"column":72}},"40":{"start":{"line":62,"column":20},"end":{"line":62,"column":72}},"41":{"start":{"line":63,"column":6},"end":{"line":63,"column":31}},"42":{"start":{"line":65,"column":6},"end":{"line":65,"column":58}},"43":{"start":{"line":70,"column":4},"end":{"line":76,"column":5}},"44":{"start":{"line":71,"column":22},"end":{"line":71,"column":72}},"45":{"start":{"line":72,"column":6},"end":{"line":72,"column":154}},"46":{"start":{"line":73,"column":6},"end":{"line":73,"column":31}},"47":{"start":{"line":75,"column":6},"end":{"line":75,"column":58}},"48":{"start":{"line":80,"column":4},"end":{"line":86,"column":5}},"49":{"start":{"line":81,"column":22},"end":{"line":81,"column":62}},"50":{"start":{"line":82,"column":6},"end":{"line":82,"column":158}},"51":{"start":{"line":83,"column":6},"end":{"line":83,"column":50}},"52":{"start":{"line":85,"column":6},"end":{"line":85,"column":58}},"53":{"start":{"line":9,"column":0},"end":{"line":9,"column":13}},"54":{"start":{"line":90,"column":13},"end":{"line":90,"column":59}}},"fnMap":{"0":{"name":"(anonymous_1)","decl":{"start":{"line":12,"column":2},"end":{"line":12,"column":7}},"loc":{"start":{"line":12,"column":42},"end":{"line":47,"column":3}}},"1":{"name":"(anonymous_2)","decl":{"start":{"line":49,"column":2},"end":{"line":49,"column":7}},"loc":{"start":{"line":49,"column":40},"end":{"line":57,"column":3}}},"2":{"name":"(anonymous_3)","decl":{"start":{"line":59,"column":2},"end":{"line":59,"column":7}},"loc":{"start":{"line":59,"column":39},"end":{"line":67,"column":3}}},"3":{"name":"(anonymous_4)","decl":{"start":{"line":69,"column":2},"end":{"line":69,"column":7}},"loc":{"start":{"line":69,"column":42},"end":{"line":77,"column":3}}},"4":{"name":"(anonymous_5)","decl":{"start":{"line":79,"column":2},"end":{"line":79,"column":7}},"loc":{"start":{"line":79,"column":42},"end":{"line":87,"column":3}}}},"branchMap":{"0":{"loc":{"start":{"line":16,"column":6},"end":{"line":16,"column":75}},"type":"if","locations":[{"start":{"line":16,"column":6},"end":{"line":16,"column":75}}]},"1":{"loc":{"start":{"line":17,"column":6},"end":{"line":17,"column":62}},"type":"if","locations":[{"start":{"line":17,"column":6},"end":{"line":17,"column":62}}]},"2":{"loc":{"start":{"line":20,"column":6},"end":{"line":20,"column":78}},"type":"if","locations":[{"start":{"line":20,"column":6},"end":{"line":20,"column":78}}]},"3":{"loc":{"start":{"line":20,"column":10},"end":{"line":20,"column":41}},"type":"binary-expr","locations":[{"start":{"line":20,"column":10},"end":{"line":20,"column":19}},{"start":{"line":20,"column":23},"end":{"line":20,"column":41}}]},"4":{"loc":{"start":{"line":23,"column":6},"end":{"line":39,"column":7}},"type":"if","locations":[{"start":{"line":23,"column":6},"end":{"line":39,"column":7}}]},"5":{"loc":{"start":{"line":25,"column":8},"end":{"line":25,"column":86}},"type":"if","locations":[{"start":{"line":25,"column":8},"end":{"line":25,"column":86}}]},"6":{"loc":{"start":{"line":30,"column":8},"end":{"line":35,"column":9}},"type":"if","locations":[{"start":{"line":30,"column":8},"end":{"line":35,"column":9}},{"start":{"line":33,"column":15},"end":{"line":35,"column":9}}]},"7":{"loc":{"start":{"line":62,"column":6},"end":{"line":62,"column":72}},"type":"if","locations":[{"start":{"line":62,"column":6},"end":{"line":62,"column":72}}]}},"s":{"0":1,"1":1,"2":1,"3":1,"4":1,"5":1,"6":1,"7":0,"8":0,"9":0,"10":0,"11":0,"12":0,"13":0,"14":0,"15":0,"16":0,"17":0,"18":0,"19":0,"20":0,"21":0,"22":0,"23":0,"24":0,"25":0,"26":0,"27":0,"28":0,"29":0,"30":0,"31":0,"32":0,"33":0,"34":0,"35":0,"36":0,"37":0,"38":0,"39":0,"40":0,"41":0,"42":0,"43":0,"44":0,"45":0,"46":0,"47":0,"48":0,"49":0,"50":0,"51":0,"52":0,"53":1,"54":1},"f":{"0":0,"1":0,"2":0,"3":0,"4":0},"b":{"0":[0],"1":[0],"2":[0],"3":[0,0],"4":[0],"5":[0],"6":[0,0],"7":[0]}}
,"/home/gustavojunio/dev/personal/xflow-project/api/src/modules/payments/payments.repository.ts": {"path":"/home/gustavojunio/dev/personal/xflow-project/api/src/modules/payments/payments.repository.ts","statementMap":{"0":{"start":{"line":1,"column":0},"end":{"line":1,"column":55}},"1":{"start":{"line":2,"column":0},"end":{"line":2,"column":46}},"2":{"start":{"line":3,"column":0},"end":{"line":3,"column":26}},"3":{"start":{"line":5,"column":22},"end":{"line":5,"column":52}},"4":{"start":{"line":6,"column":25},"end":{"line":6,"column":64}},"5":{"start":{"line":7,"column":13},"end":{"line":7,"column":43}},"6":{"start":{"line":8,"column":16},"end":{"line":8,"column":34}},"7":{"start":{"line":10,"column":15},"end":{"line":10,"column":44}},"8":{"start":{"line":14,"column":4},"end":{"line":14,"column":43}},"9":{"start":{"line":18,"column":23},"end":{"line":18,"column":25}},"10":{"start":{"line":19,"column":4},"end":{"line":19,"column":61}},"11":{"start":{"line":19,"column":27},"end":{"line":19,"column":61}},"12":{"start":{"line":20,"column":4},"end":{"line":24,"column":5}},"13":{"start":{"line":21,"column":6},"end":{"line":21,"column":32}},"14":{"start":{"line":22,"column":6},"end":{"line":22,"column":67}},"15":{"start":{"line":22,"column":24},"end":{"line":22,"column":67}},"16":{"start":{"line":23,"column":6},"end":{"line":23,"column":63}},"17":{"start":{"line":23,"column":22},"end":{"line":23,"column":63}},"18":{"start":{"line":25,"column":4},"end":{"line":25,"column":85}},"19":{"start":{"line":29,"column":4},"end":{"line":29,"column":95}},"20":{"start":{"line":33,"column":4},"end":{"line":33,"column":58}},"21":{"start":{"line":37,"column":4},"end":{"line":37,"column":52}},"22":{"start":{"line":12,"column":0},"end":{"line":12,"column":13}},"23":{"start":{"line":41,"column":13},"end":{"line":41,"column":59}}},"fnMap":{"0":{"name":"(anonymous_0)","decl":{"start":{"line":13,"column":2},"end":{"line":13,"column":7}},"loc":{"start":{"line":13,"column":24},"end":{"line":15,"column":3}}},"1":{"name":"(anonymous_1)","decl":{"start":{"line":17,"column":2},"end":{"line":17,"column":7}},"loc":{"start":{"line":17,"column":29},"end":{"line":26,"column":3}}},"2":{"name":"(anonymous_2)","decl":{"start":{"line":28,"column":2},"end":{"line":28,"column":7}},"loc":{"start":{"line":28,"column":27},"end":{"line":30,"column":3}}},"3":{"name":"(anonymous_3)","decl":{"start":{"line":32,"column":2},"end":{"line":32,"column":7}},"loc":{"start":{"line":32,"column":36},"end":{"line":34,"column":3}}},"4":{"name":"(anonymous_4)","decl":{"start":{"line":36,"column":2},"end":{"line":36,"column":7}},"loc":{"start":{"line":36,"column":25},"end":{"line":38,"column":3}}}},"branchMap":{"0":{"loc":{"start":{"line":5,"column":22},"end":{"line":5,"column":52}},"type":"binary-expr","locations":[{"start":{"line":5,"column":22},"end":{"line":5,"column":46}},{"start":{"line":5,"column":50},"end":{"line":5,"column":52}}]},"1":{"loc":{"start":{"line":19,"column":4},"end":{"line":19,"column":61}},"type":"if","locations":[{"start":{"line":19,"column":4},"end":{"line":19,"column":61}}]},"2":{"loc":{"start":{"line":20,"column":4},"end":{"line":24,"column":5}},"type":"if","locations":[{"start":{"line":20,"column":4},"end":{"line":24,"column":5}}]},"3":{"loc":{"start":{"line":20,"column":8},"end":{"line":20,"column":36}},"type":"binary-expr","locations":[{"start":{"line":20,"column":8},"end":{"line":20,"column":21}},{"start":{"line":20,"column":25},"end":{"line":20,"column":36}}]},"4":{"loc":{"start":{"line":22,"column":6},"end":{"line":22,"column":67}},"type":"if","locations":[{"start":{"line":22,"column":6},"end":{"line":22,"column":67}}]},"5":{"loc":{"start":{"line":23,"column":6},"end":{"line":23,"column":63}},"type":"if","locations":[{"start":{"line":23,"column":6},"end":{"line":23,"column":63}}]}},"s":{"0":1,"1":1,"2":1,"3":1,"4":1,"5":1,"6":1,"7":1,"8":0,"9":0,"10":0,"11":0,"12":0,"13":0,"14":0,"15":0,"16":0,"17":0,"18":0,"19":0,"20":0,"21":0,"22":1,"23":1},"f":{"0":0,"1":0,"2":0,"3":0,"4":0},"b":{"0":[1,0],"1":[0],"2":[0],"3":[0,0],"4":[0],"5":[0]}}
,"/home/gustavojunio/dev/personal/xflow-project/api/src/modules/payments/payments.routes.ts": {"path":"/home/gustavojunio/dev/personal/xflow-project/api/src/modules/payments/payments.routes.ts","statementMap":{"0":{"start":{"line":1,"column":0},"end":{"line":1,"column":33}},"1":{"start":{"line":2,"column":0},"end":{"line":2,"column":59}},"2":{"start":{"line":3,"column":0},"end":{"line":3,"column":68}},"3":{"start":{"line":5,"column":23},"end":{"line":5,"column":31}},"4":{"start":{"line":13,"column":9},"end":{"line":13,"column":23}},"5":{"start":{"line":7,"column":0},"end":{"line":7,"column":88}},"6":{"start":{"line":7,"column":51},"end":{"line":7,"column":86}},"7":{"start":{"line":8,"column":0},"end":{"line":8,"column":73}},"8":{"start":{"line":8,"column":38},"end":{"line":8,"column":71}},"9":{"start":{"line":9,"column":0},"end":{"line":9,"column":75}},"10":{"start":{"line":9,"column":41},"end":{"line":9,"column":73}},"11":{"start":{"line":10,"column":0},"end":{"line":10,"column":78}},"12":{"start":{"line":10,"column":41},"end":{"line":10,"column":76}},"13":{"start":{"line":11,"column":0},"end":{"line":11,"column":81}},"14":{"start":{"line":11,"column":44},"end":{"line":11,"column":79}}},"fnMap":{"0":{"name":"(anonymous_1)","decl":{"start":{"line":7,"column":37},"end":{"line":7,"column":38}},"loc":{"start":{"line":7,"column":51},"end":{"line":7,"column":86}}},"1":{"name":"(anonymous_2)","decl":{"start":{"line":8,"column":24},"end":{"line":8,"column":25}},"loc":{"start":{"line":8,"column":38},"end":{"line":8,"column":71}}},"2":{"name":"(anonymous_3)","decl":{"start":{"line":9,"column":27},"end":{"line":9,"column":28}},"loc":{"start":{"line":9,"column":41},"end":{"line":9,"column":73}}},"3":{"name":"(anonymous_4)","decl":{"start":{"line":10,"column":27},"end":{"line":10,"column":28}},"loc":{"start":{"line":10,"column":41},"end":{"line":10,"column":76}}},"4":{"name":"(anonymous_5)","decl":{"start":{"line":11,"column":30},"end":{"line":11,"column":31}},"loc":{"start":{"line":11,"column":44},"end":{"line":11,"column":79}}}},"branchMap":{},"s":{"0":1,"1":1,"2":1,"3":1,"4":1,"5":1,"6":0,"7":1,"8":0,"9":1,"10":0,"11":1,"12":0,"13":1,"14":0},"f":{"0":0,"1":0,"2":0,"3":0,"4":0},"b":{}}
,"/home/gustavojunio/dev/personal/xflow-project/api/src/modules/payments/payments.service.ts": {"path":"/home/gustavojunio/dev/personal/xflow-project/api/src/modules/payments/payments.service.ts","statementMap":{"0":{"start":{"line":1,"column":0},"end":{"line":1,"column":59}},"1":{"start":{"line":4,"column":17},"end":{"line":4,"column":35}},"2":{"start":{"line":7,"column":4},"end":{"line":7,"column":34}},"3":{"start":{"line":11,"column":4},"end":{"line":11,"column":38}},"4":{"start":{"line":15,"column":4},"end":{"line":15,"column":34}},"5":{"start":{"line":19,"column":4},"end":{"line":19,"column":38}},"6":{"start":{"line":23,"column":4},"end":{"line":23,"column":32}},"7":{"start":{"line":3,"column":0},"end":{"line":3,"column":13}},"8":{"start":{"line":27,"column":13},"end":{"line":27,"column":53}}},"fnMap":{"0":{"name":"(anonymous_0)","decl":{"start":{"line":6,"column":2},"end":{"line":6,"column":7}},"loc":{"start":{"line":6,"column":24},"end":{"line":8,"column":3}}},"1":{"name":"(anonymous_1)","decl":{"start":{"line":10,"column":2},"end":{"line":10,"column":7}},"loc":{"start":{"line":10,"column":26},"end":{"line":12,"column":3}}},"2":{"name":"(anonymous_2)","decl":{"start":{"line":14,"column":2},"end":{"line":14,"column":7}},"loc":{"start":{"line":14,"column":22},"end":{"line":16,"column":3}}},"3":{"name":"(anonymous_3)","decl":{"start":{"line":18,"column":2},"end":{"line":18,"column":7}},"loc":{"start":{"line":18,"column":36},"end":{"line":20,"column":3}}},"4":{"name":"(anonymous_4)","decl":{"start":{"line":22,"column":2},"end":{"line":22,"column":7}},"loc":{"start":{"line":22,"column":25},"end":{"line":24,"column":3}}}},"branchMap":{},"s":{"0":1,"1":1,"2":0,"3":0,"4":0,"5":0,"6":0,"7":1,"8":1},"f":{"0":0,"1":0,"2":0,"3":0,"4":0},"b":{}}
,"/home/gustavojunio/dev/personal/xflow-project/api/src/modules/sectors/sectors.controller.ts": {"path":"/home/gustavojunio/dev/personal/xflow-project/api/src/modules/sectors/sectors.controller.ts","statementMap":{"0":{"start":{"line":2,"column":0},"end":{"line":2,"column":51}},"1":{"start":{"line":3,"column":0},"end":{"line":3,"column":67}},"2":{"start":{"line":7,"column":4},"end":{"line":18,"column":5}},"3":{"start":{"line":8,"column":25},"end":{"line":8,"column":41}},"4":{"start":{"line":9,"column":6},"end":{"line":11,"column":7}},"5":{"start":{"line":10,"column":8},"end":{"line":10,"column":82}},"6":{"start":{"line":13,"column":21},"end":{"line":13,"column":58}},"7":{"start":{"line":14,"column":6},"end":{"line":14,"column":136}},"8":{"start":{"line":15,"column":6},"end":{"line":15,"column":42}},"9":{"start":{"line":17,"column":6},"end":{"line":17,"column":58}},"10":{"start":{"line":22,"column":4},"end":{"line":27,"column":5}},"11":{"start":{"line":23,"column":22},"end":{"line":23,"column":52}},"12":{"start":{"line":24,"column":6},"end":{"line":24,"column":31}},"13":{"start":{"line":26,"column":6},"end":{"line":26,"column":58}},"14":{"start":{"line":31,"column":4},"end":{"line":41,"column":5}},"15":{"start":{"line":32,"column":25},"end":{"line":32,"column":41}},"16":{"start":{"line":33,"column":6},"end":{"line":35,"column":7}},"17":{"start":{"line":34,"column":8},"end":{"line":34,"column":86}},"18":{"start":{"line":36,"column":21},"end":{"line":36,"column":73}},"19":{"start":{"line":37,"column":6},"end":{"line":37,"column":140}},"20":{"start":{"line":38,"column":6},"end":{"line":38,"column":30}},"21":{"start":{"line":40,"column":6},"end":{"line":40,"column":58}},"22":{"start":{"line":45,"column":4},"end":{"line":55,"column":5}},"23":{"start":{"line":46,"column":25},"end":{"line":46,"column":41}},"24":{"start":{"line":47,"column":6},"end":{"line":49,"column":7}},"25":{"start":{"line":48,"column":8},"end":{"line":48,"column":84}},"26":{"start":{"line":50,"column":21},"end":{"line":50,"column":63}},"27":{"start":{"line":51,"column":6},"end":{"line":51,"column":138}},"28":{"start":{"line":52,"column":6},"end":{"line":52,"column":41}},"29":{"start":{"line":54,"column":6},"end":{"line":54,"column":58}},"30":{"start":{"line":5,"column":0},"end":{"line":5,"column":13}},"31":{"start":{"line":59,"column":13},"end":{"line":59,"column":57}}},"fnMap":{"0":{"name":"(anonymous_0)","decl":{"start":{"line":6,"column":2},"end":{"line":6,"column":7}},"loc":{"start":{"line":6,"column":42},"end":{"line":19,"column":3}}},"1":{"name":"(anonymous_1)","decl":{"start":{"line":21,"column":2},"end":{"line":21,"column":7}},"loc":{"start":{"line":21,"column":40},"end":{"line":28,"column":3}}},"2":{"name":"(anonymous_2)","decl":{"start":{"line":30,"column":2},"end":{"line":30,"column":7}},"loc":{"start":{"line":30,"column":42},"end":{"line":42,"column":3}}},"3":{"name":"(anonymous_3)","decl":{"start":{"line":44,"column":2},"end":{"line":44,"column":7}},"loc":{"start":{"line":44,"column":42},"end":{"line":56,"column":3}}}},"branchMap":{"0":{"loc":{"start":{"line":9,"column":6},"end":{"line":11,"column":7}},"type":"if","locations":[{"start":{"line":9,"column":6},"end":{"line":11,"column":7}}]},"1":{"loc":{"start":{"line":9,"column":10},"end":{"line":9,"column":50}},"type":"binary-expr","locations":[{"start":{"line":9,"column":10},"end":{"line":9,"column":20}},{"start":{"line":9,"column":24},"end":{"line":9,"column":50}}]},"2":{"loc":{"start":{"line":33,"column":6},"end":{"line":35,"column":7}},"type":"if","locations":[{"start":{"line":33,"column":6},"end":{"line":35,"column":7}}]},"3":{"loc":{"start":{"line":33,"column":10},"end":{"line":33,"column":50}},"type":"binary-expr","locations":[{"start":{"line":33,"column":10},"end":{"line":33,"column":20}},{"start":{"line":33,"column":24},"end":{"line":33,"column":50}}]},"4":{"loc":{"start":{"line":47,"column":6},"end":{"line":49,"column":7}},"type":"if","locations":[{"start":{"line":47,"column":6},"end":{"line":49,"column":7}}]},"5":{"loc":{"start":{"line":47,"column":10},"end":{"line":47,"column":50}},"type":"binary-expr","locations":[{"start":{"line":47,"column":10},"end":{"line":47,"column":20}},{"start":{"line":47,"column":24},"end":{"line":47,"column":50}}]}},"s":{"0":1,"1":1,"2":0,"3":0,"4":0,"5":0,"6":0,"7":0,"8":0,"9":0,"10":0,"11":0,"12":0,"13":0,"14":0,"15":0,"16":0,"17":0,"18":0,"19":0,"20":0,"21":0,"22":0,"23":0,"24":0,"25":0,"26":0,"27":0,"28":0,"29":0,"30":1,"31":1},"f":{"0":0,"1":0,"2":0,"3":0},"b":{"0":[0],"1":[0,0],"2":[0],"3":[0,0],"4":[0],"5":[0,0]}}
,"/home/gustavojunio/dev/personal/xflow-project/api/src/modules/sectors/sectors.repository.ts": {"path":"/home/gustavojunio/dev/personal/xflow-project/api/src/modules/sectors/sectors.repository.ts","statementMap":{"0":{"start":{"line":1,"column":0},"end":{"line":1,"column":54}},"1":{"start":{"line":2,"column":0},"end":{"line":2,"column":46}},"2":{"start":{"line":3,"column":0},"end":{"line":3,"column":26}},"3":{"start":{"line":5,"column":22},"end":{"line":5,"column":52}},"4":{"start":{"line":6,"column":25},"end":{"line":6,"column":64}},"5":{"start":{"line":7,"column":13},"end":{"line":7,"column":43}},"6":{"start":{"line":8,"column":16},"end":{"line":8,"column":34}},"7":{"start":{"line":10,"column":15},"end":{"line":10,"column":44}},"8":{"start":{"line":14,"column":4},"end":{"line":14,"column":42}},"9":{"start":{"line":18,"column":4},"end":{"line":18,"column":64}},"10":{"start":{"line":22,"column":4},"end":{"line":22,"column":55}},"11":{"start":{"line":26,"column":4},"end":{"line":26,"column":57}},"12":{"start":{"line":30,"column":4},"end":{"line":30,"column":51}},"13":{"start":{"line":12,"column":0},"end":{"line":12,"column":13}},"14":{"start":{"line":34,"column":13},"end":{"line":34,"column":57}}},"fnMap":{"0":{"name":"(anonymous_0)","decl":{"start":{"line":13,"column":2},"end":{"line":13,"column":7}},"loc":{"start":{"line":13,"column":24},"end":{"line":15,"column":3}}},"1":{"name":"(anonymous_1)","decl":{"start":{"line":17,"column":2},"end":{"line":17,"column":7}},"loc":{"start":{"line":17,"column":15},"end":{"line":19,"column":3}}},"2":{"name":"(anonymous_2)","decl":{"start":{"line":21,"column":2},"end":{"line":21,"column":7}},"loc":{"start":{"line":21,"column":27},"end":{"line":23,"column":3}}},"3":{"name":"(anonymous_3)","decl":{"start":{"line":25,"column":2},"end":{"line":25,"column":7}},"loc":{"start":{"line":25,"column":36},"end":{"line":27,"column":3}}},"4":{"name":"(anonymous_4)","decl":{"start":{"line":29,"column":2},"end":{"line":29,"column":7}},"loc":{"start":{"line":29,"column":25},"end":{"line":31,"column":3}}}},"branchMap":{"0":{"loc":{"start":{"line":5,"column":22},"end":{"line":5,"column":52}},"type":"binary-expr","locations":[{"start":{"line":5,"column":22},"end":{"line":5,"column":46}},{"start":{"line":5,"column":50},"end":{"line":5,"column":52}}]}},"s":{"0":1,"1":1,"2":1,"3":1,"4":1,"5":1,"6":1,"7":1,"8":0,"9":0,"10":0,"11":0,"12":0,"13":1,"14":1},"f":{"0":0,"1":0,"2":0,"3":0,"4":0},"b":{"0":[1,0]}}
,"/home/gustavojunio/dev/personal/xflow-project/api/src/modules/sectors/sectors.routes.ts": {"path":"/home/gustavojunio/dev/personal/xflow-project/api/src/modules/sectors/sectors.routes.ts","statementMap":{"0":{"start":{"line":1,"column":0},"end":{"line":1,"column":33}},"1":{"start":{"line":2,"column":0},"end":{"line":2,"column":57}},"2":{"start":{"line":4,"column":22},"end":{"line":4,"column":30}},"3":{"start":{"line":11,"column":9},"end":{"line":11,"column":22}},"4":{"start":{"line":6,"column":0},"end":{"line":6,"column":74}},"5":{"start":{"line":6,"column":38},"end":{"line":6,"column":72}},"6":{"start":{"line":7,"column":0},"end":{"line":7,"column":71}},"7":{"start":{"line":7,"column":37},"end":{"line":7,"column":69}},"8":{"start":{"line":8,"column":0},"end":{"line":8,"column":76}},"9":{"start":{"line":8,"column":40},"end":{"line":8,"column":74}},"10":{"start":{"line":9,"column":0},"end":{"line":9,"column":79}},"11":{"start":{"line":9,"column":43},"end":{"line":9,"column":77}}},"fnMap":{"0":{"name":"(anonymous_0)","decl":{"start":{"line":6,"column":24},"end":{"line":6,"column":25}},"loc":{"start":{"line":6,"column":38},"end":{"line":6,"column":72}}},"1":{"name":"(anonymous_1)","decl":{"start":{"line":7,"column":23},"end":{"line":7,"column":24}},"loc":{"start":{"line":7,"column":37},"end":{"line":7,"column":69}}},"2":{"name":"(anonymous_2)","decl":{"start":{"line":8,"column":26},"end":{"line":8,"column":27}},"loc":{"start":{"line":8,"column":40},"end":{"line":8,"column":74}}},"3":{"name":"(anonymous_3)","decl":{"start":{"line":9,"column":29},"end":{"line":9,"column":30}},"loc":{"start":{"line":9,"column":43},"end":{"line":9,"column":77}}}},"branchMap":{},"s":{"0":1,"1":1,"2":1,"3":1,"4":1,"5":0,"6":1,"7":0,"8":1,"9":0,"10":1,"11":0},"f":{"0":0,"1":0,"2":0,"3":0},"b":{}}
,"/home/gustavojunio/dev/personal/xflow-project/api/src/modules/sectors/sectors.service.ts": {"path":"/home/gustavojunio/dev/personal/xflow-project/api/src/modules/sectors/sectors.service.ts","statementMap":{"0":{"start":{"line":1,"column":0},"end":{"line":1,"column":57}},"1":{"start":{"line":4,"column":17},"end":{"line":4,"column":40}},"2":{"start":{"line":7,"column":4},"end":{"line":7,"column":34}},"3":{"start":{"line":11,"column":4},"end":{"line":11,"column":31}},"4":{"start":{"line":15,"column":4},"end":{"line":15,"column":34}},"5":{"start":{"line":19,"column":4},"end":{"line":19,"column":38}},"6":{"start":{"line":23,"column":4},"end":{"line":23,"column":32}},"7":{"start":{"line":3,"column":0},"end":{"line":3,"column":13}},"8":{"start":{"line":27,"column":13},"end":{"line":27,"column":51}}},"fnMap":{"0":{"name":"(anonymous_0)","decl":{"start":{"line":6,"column":2},"end":{"line":6,"column":7}},"loc":{"start":{"line":6,"column":24},"end":{"line":8,"column":3}}},"1":{"name":"(anonymous_1)","decl":{"start":{"line":10,"column":2},"end":{"line":10,"column":7}},"loc":{"start":{"line":10,"column":15},"end":{"line":12,"column":3}}},"2":{"name":"(anonymous_2)","decl":{"start":{"line":14,"column":2},"end":{"line":14,"column":7}},"loc":{"start":{"line":14,"column":27},"end":{"line":16,"column":3}}},"3":{"name":"(anonymous_3)","decl":{"start":{"line":18,"column":2},"end":{"line":18,"column":7}},"loc":{"start":{"line":18,"column":36},"end":{"line":20,"column":3}}},"4":{"name":"(anonymous_4)","decl":{"start":{"line":22,"column":2},"end":{"line":22,"column":7}},"loc":{"start":{"line":22,"column":25},"end":{"line":24,"column":3}}}},"branchMap":{},"s":{"0":1,"1":1,"2":0,"3":0,"4":0,"5":0,"6":0,"7":1,"8":1},"f":{"0":0,"1":0,"2":0,"3":0,"4":0},"b":{}}
,"/home/gustavojunio/dev/personal/xflow-project/api/src/modules/users/users.controller.ts": {"path":"/home/gustavojunio/dev/personal/xflow-project/api/src/modules/users/users.controller.ts","statementMap":{"0":{"start":{"line":2,"column":0},"end":{"line":2,"column":47}},"1":{"start":{"line":3,"column":0},"end":{"line":3,"column":67}},"2":{"start":{"line":6,"column":20},"end":{"line":6,"column":38}},"3":{"start":{"line":9,"column":4},"end":{"line":14,"column":5}},"4":{"start":{"line":10,"column":19},"end":{"line":10,"column":54}},"5":{"start":{"line":11,"column":6},"end":{"line":11,"column":40}},"6":{"start":{"line":13,"column":6},"end":{"line":13,"column":60}},"7":{"start":{"line":18,"column":4},"end":{"line":23,"column":5}},"8":{"start":{"line":19,"column":20},"end":{"line":19,"column":48}},"9":{"start":{"line":20,"column":6},"end":{"line":20,"column":29}},"10":{"start":{"line":22,"column":6},"end":{"line":22,"column":60}},"11":{"start":{"line":27,"column":4},"end":{"line":40,"column":5}},"12":{"start":{"line":28,"column":25},"end":{"line":28,"column":41}},"13":{"start":{"line":29,"column":6},"end":{"line":31,"column":7}},"14":{"start":{"line":30,"column":8},"end":{"line":30,"column":82}},"15":{"start":{"line":33,"column":21},"end":{"line":33,"column":31}},"16":{"start":{"line":34,"column":23},"end":{"line":34,"column":31}},"17":{"start":{"line":35,"column":22},"end":{"line":35,"column":61}},"18":{"start":{"line":36,"column":6},"end":{"line":36,"column":162}},"19":{"start":{"line":37,"column":6},"end":{"line":37,"column":31}},"20":{"start":{"line":39,"column":6},"end":{"line":39,"column":60}},"21":{"start":{"line":5,"column":0},"end":{"line":5,"column":13}}},"fnMap":{"0":{"name":"(anonymous_0)","decl":{"start":{"line":8,"column":2},"end":{"line":8,"column":7}},"loc":{"start":{"line":8,"column":42},"end":{"line":15,"column":3}}},"1":{"name":"(anonymous_1)","decl":{"start":{"line":17,"column":2},"end":{"line":17,"column":7}},"loc":{"start":{"line":17,"column":40},"end":{"line":24,"column":3}}},"2":{"name":"(anonymous_2)","decl":{"start":{"line":26,"column":2},"end":{"line":26,"column":7}},"loc":{"start":{"line":26,"column":46},"end":{"line":41,"column":3}}}},"branchMap":{"0":{"loc":{"start":{"line":29,"column":6},"end":{"line":31,"column":7}},"type":"if","locations":[{"start":{"line":29,"column":6},"end":{"line":31,"column":7}}]},"1":{"loc":{"start":{"line":29,"column":10},"end":{"line":29,"column":50}},"type":"binary-expr","locations":[{"start":{"line":29,"column":10},"end":{"line":29,"column":20}},{"start":{"line":29,"column":24},"end":{"line":29,"column":50}}]}},"s":{"0":1,"1":1,"2":1,"3":0,"4":0,"5":0,"6":0,"7":0,"8":0,"9":0,"10":0,"11":0,"12":0,"13":0,"14":0,"15":0,"16":0,"17":0,"18":0,"19":0,"20":0,"21":1},"f":{"0":0,"1":0,"2":0},"b":{"0":[0],"1":[0,0]}}
,"/home/gustavojunio/dev/personal/xflow-project/api/src/modules/users/users.repository.ts": {"path":"/home/gustavojunio/dev/personal/xflow-project/api/src/modules/users/users.repository.ts","statementMap":{"0":{"start":{"line":1,"column":0},"end":{"line":1,"column":52}},"1":{"start":{"line":2,"column":0},"end":{"line":2,"column":46}},"2":{"start":{"line":3,"column":0},"end":{"line":3,"column":26}},"3":{"start":{"line":5,"column":22},"end":{"line":5,"column":52}},"4":{"start":{"line":6,"column":25},"end":{"line":6,"column":64}},"5":{"start":{"line":8,"column":0},"end":{"line":8,"column":132}},"6":{"start":{"line":9,"column":23},"end":{"line":15,"column":1}},"7":{"start":{"line":10,"column":2},"end":{"line":14,"column":3}},"8":{"start":{"line":11,"column":4},"end":{"line":11,"column":41}},"9":{"start":{"line":13,"column":4},"end":{"line":13,"column":43}},"10":{"start":{"line":16,"column":0},"end":{"line":16,"column":93}},"11":{"start":{"line":17,"column":13},"end":{"line":17,"column":43}},"12":{"start":{"line":18,"column":16},"end":{"line":18,"column":34}},"13":{"start":{"line":20,"column":15},"end":{"line":20,"column":44}},"14":{"start":{"line":24,"column":4},"end":{"line":26,"column":7}},"15":{"start":{"line":30,"column":4},"end":{"line":32,"column":7}},"16":{"start":{"line":36,"column":4},"end":{"line":38,"column":7}},"17":{"start":{"line":42,"column":4},"end":{"line":42,"column":55}},"18":{"start":{"line":22,"column":0},"end":{"line":22,"column":13}}},"fnMap":{"0":{"name":"(anonymous_0)","decl":{"start":{"line":9,"column":23},"end":{"line":9,"column":24}},"loc":{"start":{"line":9,"column":38},"end":{"line":15,"column":1}}},"1":{"name":"(anonymous_1)","decl":{"start":{"line":23,"column":2},"end":{"line":23,"column":7}},"loc":{"start":{"line":23,"column":24},"end":{"line":27,"column":3}}},"2":{"name":"(anonymous_2)","decl":{"start":{"line":29,"column":2},"end":{"line":29,"column":7}},"loc":{"start":{"line":29,"column":33},"end":{"line":33,"column":3}}},"3":{"name":"(anonymous_3)","decl":{"start":{"line":35,"column":2},"end":{"line":35,"column":7}},"loc":{"start":{"line":35,"column":15},"end":{"line":39,"column":3}}},"4":{"name":"(anonymous_4)","decl":{"start":{"line":41,"column":2},"end":{"line":41,"column":7}},"loc":{"start":{"line":41,"column":36},"end":{"line":43,"column":3}}}},"branchMap":{"0":{"loc":{"start":{"line":5,"column":22},"end":{"line":5,"column":52}},"type":"binary-expr","locations":[{"start":{"line":5,"column":22},"end":{"line":5,"column":46}},{"start":{"line":5,"column":50},"end":{"line":5,"column":52}}]}},"s":{"0":1,"1":1,"2":1,"3":1,"4":1,"5":1,"6":1,"7":1,"8":1,"9":0,"10":1,"11":1,"12":1,"13":1,"14":0,"15":0,"16":0,"17":0,"18":1},"f":{"0":1,"1":0,"2":0,"3":0,"4":0},"b":{"0":[1,1]}}
,"/home/gustavojunio/dev/personal/xflow-project/api/src/modules/users/users.routes.ts": {"path":"/home/gustavojunio/dev/personal/xflow-project/api/src/modules/users/users.routes.ts","statementMap":{"0":{"start":{"line":1,"column":0},"end":{"line":1,"column":33}},"1":{"start":{"line":2,"column":0},"end":{"line":2,"column":53}},"2":{"start":{"line":4,"column":19},"end":{"line":4,"column":27}},"3":{"start":{"line":11,"column":9},"end":{"line":11,"column":19}},"4":{"start":{"line":5,"column":19},"end":{"line":5,"column":40}},"5":{"start":{"line":7,"column":0},"end":{"line":7,"column":64}},"6":{"start":{"line":7,"column":35},"end":{"line":7,"column":62}},"7":{"start":{"line":8,"column":0},"end":{"line":8,"column":61}},"8":{"start":{"line":8,"column":34},"end":{"line":8,"column":59}},"9":{"start":{"line":9,"column":0},"end":{"line":9,"column":75}},"10":{"start":{"line":9,"column":42},"end":{"line":9,"column":73}}},"fnMap":{"0":{"name":"(anonymous_0)","decl":{"start":{"line":7,"column":21},"end":{"line":7,"column":22}},"loc":{"start":{"line":7,"column":35},"end":{"line":7,"column":62}}},"1":{"name":"(anonymous_1)","decl":{"start":{"line":8,"column":20},"end":{"line":8,"column":21}},"loc":{"start":{"line":8,"column":34},"end":{"line":8,"column":59}}},"2":{"name":"(anonymous_2)","decl":{"start":{"line":9,"column":28},"end":{"line":9,"column":29}},"loc":{"start":{"line":9,"column":42},"end":{"line":9,"column":73}}}},"branchMap":{},"s":{"0":1,"1":1,"2":1,"3":1,"4":1,"5":1,"6":0,"7":1,"8":0,"9":1,"10":0},"f":{"0":0,"1":0,"2":0},"b":{}}
,"/home/gustavojunio/dev/personal/xflow-project/api/src/modules/users/users.service.ts": {"path":"/home/gustavojunio/dev/personal/xflow-project/api/src/modules/users/users.service.ts","statementMap":{"0":{"start":{"line":1,"column":0},"end":{"line":1,"column":53}},"1":{"start":{"line":2,"column":0},"end":{"line":2,"column":28}},"2":{"start":{"line":5,"column":23},"end":{"line":5,"column":44}},"3":{"start":{"line":9,"column":23},"end":{"line":9,"column":72}},"4":{"start":{"line":10,"column":4},"end":{"line":12,"column":5}},"5":{"start":{"line":11,"column":6},"end":{"line":11,"column":64}},"6":{"start":{"line":15,"column":27},"end":{"line":15,"column":67}},"7":{"start":{"line":18,"column":4},"end":{"line":21,"column":7}},"8":{"start":{"line":25,"column":4},"end":{"line":25,"column":37}},"9":{"start":{"line":29,"column":4},"end":{"line":29,"column":52}},"10":{"start":{"line":4,"column":0},"end":{"line":4,"column":13}}},"fnMap":{"0":{"name":"(anonymous_1)","decl":{"start":{"line":7,"column":2},"end":{"line":7,"column":7}},"loc":{"start":{"line":7,"column":28},"end":{"line":22,"column":3}}},"1":{"name":"(anonymous_2)","decl":{"start":{"line":24,"column":2},"end":{"line":24,"column":7}},"loc":{"start":{"line":24,"column":15},"end":{"line":26,"column":3}}},"2":{"name":"(anonymous_3)","decl":{"start":{"line":28,"column":2},"end":{"line":28,"column":7}},"loc":{"start":{"line":28,"column":47},"end":{"line":30,"column":3}}}},"branchMap":{"0":{"loc":{"start":{"line":10,"column":4},"end":{"line":12,"column":5}},"type":"if","locations":[{"start":{"line":10,"column":4},"end":{"line":12,"column":5}}]}},"s":{"0":1,"1":1,"2":1,"3":0,"4":0,"5":0,"6":0,"7":0,"8":0,"9":0,"10":1},"f":{"0":0,"1":0,"2":0},"b":{"0":[0]}}
,"/home/gustavojunio/dev/personal/xflow-project/api/src/shared/middlewares/auth.middleware.ts": {"path":"/home/gustavojunio/dev/personal/xflow-project/api/src/shared/middlewares/auth.middleware.ts","statementMap":{"0":{"start":{"line":2,"column":0},"end":{"line":2,"column":31}},"1":{"start":{"line":3,"column":0},"end":{"line":3,"column":34}},"2":{"start":{"line":12,"column":30},"end":{"line":44,"column":1}},"3":{"start":{"line":14,"column":64},"end":{"line":18,"column":4}},"4":{"start":{"line":20,"column":19},"end":{"line":23,"column":4}},"5":{"start":{"line":21,"column":4},"end":{"line":21,"column":58}},"6":{"start":{"line":21,"column":45},"end":{"line":21,"column":58}},"7":{"start":{"line":22,"column":4},"end":{"line":22,"column":69}},"8":{"start":{"line":25,"column":2},"end":{"line":25,"column":30}},"9":{"start":{"line":25,"column":16},"end":{"line":25,"column":30}},"10":{"start":{"line":27,"column":21},"end":{"line":27,"column":46}},"11":{"start":{"line":28,"column":2},"end":{"line":28,"column":74}},"12":{"start":{"line":28,"column":19},"end":{"line":28,"column":74}},"13":{"start":{"line":30,"column":16},"end":{"line":30,"column":37}},"14":{"start":{"line":31,"column":2},"end":{"line":31,"column":80}},"15":{"start":{"line":31,"column":26},"end":{"line":31,"column":80}},"16":{"start":{"line":33,"column":26},"end":{"line":33,"column":31}},"17":{"start":{"line":34,"column":2},"end":{"line":34,"column":91}},"18":{"start":{"line":34,"column":33},"end":{"line":34,"column":91}},"19":{"start":{"line":36,"column":2},"end":{"line":43,"column":3}},"20":{"start":{"line":37,"column":20},"end":{"line":37,"column":71}},"21":{"start":{"line":39,"column":5},"end":{"line":39,"column":64}},"22":{"start":{"line":40,"column":4},"end":{"line":40,"column":18}},"23":{"start":{"line":42,"column":4},"end":{"line":42,"column":60}},"24":{"start":{"line":12,"column":13},"end":{"line":12,"column":30}},"25":{"start":{"line":46,"column":0},"end":{"line":46,"column":30}}},"fnMap":{"0":{"name":"(anonymous_1)","decl":{"start":{"line":12,"column":30},"end":{"line":12,"column":31}},"loc":{"start":{"line":12,"column":82},"end":{"line":44,"column":1}}},"1":{"name":"(anonymous_2)","decl":{"start":{"line":20,"column":36},"end":{"line":20,"column":37}},"loc":{"start":{"line":20,"column":40},"end":{"line":23,"column":3}}}},"branchMap":{"0":{"loc":{"start":{"line":21,"column":4},"end":{"line":21,"column":58}},"type":"if","locations":[{"start":{"line":21,"column":4},"end":{"line":21,"column":58}}]},"1":{"loc":{"start":{"line":21,"column":8},"end":{"line":21,"column":43}},"type":"binary-expr","locations":[{"start":{"line":21,"column":8},"end":{"line":21,"column":16}},{"start":{"line":21,"column":20},"end":{"line":21,"column":43}}]},"2":{"loc":{"start":{"line":22,"column":11},"end":{"line":22,"column":68}},"type":"binary-expr","locations":[{"start":{"line":22,"column":11},"end":{"line":22,"column":30}},{"start":{"line":22,"column":34},"end":{"line":22,"column":68}}]},"3":{"loc":{"start":{"line":25,"column":2},"end":{"line":25,"column":30}},"type":"if","locations":[{"start":{"line":25,"column":2},"end":{"line":25,"column":30}}]},"4":{"loc":{"start":{"line":28,"column":2},"end":{"line":28,"column":74}},"type":"if","locations":[{"start":{"line":28,"column":2},"end":{"line":28,"column":74}}]},"5":{"loc":{"start":{"line":31,"column":2},"end":{"line":31,"column":80}},"type":"if","locations":[{"start":{"line":31,"column":2},"end":{"line":31,"column":80}}]},"6":{"loc":{"start":{"line":34,"column":2},"end":{"line":34,"column":91}},"type":"if","locations":[{"start":{"line":34,"column":2},"end":{"line":34,"column":91}}]}},"s":{"0":1,"1":1,"2":1,"3":1,"4":1,"5":1,"6":0,"7":1,"8":1,"9":1,"10":0,"11":0,"12":0,"13":0,"14":0,"15":0,"16":0,"17":0,"18":0,"19":0,"20":0,"21":0,"22":0,"23":0,"24":1,"25":1},"f":{"0":1,"1":1},"b":{"0":[0],"1":[1,0],"2":[1,0],"3":[1],"4":[0],"5":[0],"6":[0]}}
,"/home/gustavojunio/dev/personal/xflow-project/api/src/shared/middlewares/upload.middleware.ts": {"path":"/home/gustavojunio/dev/personal/xflow-project/api/src/shared/middlewares/upload.middleware.ts","statementMap":{"0":{"start":{"line":1,"column":0},"end":{"line":1,"column":28}},"1":{"start":{"line":5,"column":16},"end":{"line":5,"column":38}},"2":{"start":{"line":6,"column":15},"end":{"line":6,"column":74}},"3":{"start":{"line":8,"column":13},"end":{"line":8,"column":48}},"4":{"start":{"line":10,"column":0},"end":{"line":10,"column":26}}},"fnMap":{},"branchMap":{},"s":{"0":1,"1":1,"2":1,"3":1,"4":1},"f":{},"b":{}}
,"/home/gustavojunio/dev/personal/xflow-project/api/src/shared/services/audit.service.ts": {"path":"/home/gustavojunio/dev/personal/xflow-project/api/src/shared/services/audit.service.ts","statementMap":{"0":{"start":{"line":1,"column":0},"end":{"line":1,"column":46}},"1":{"start":{"line":2,"column":0},"end":{"line":2,"column":46}},"2":{"start":{"line":3,"column":0},"end":{"line":3,"column":26}},"3":{"start":{"line":5,"column":22},"end":{"line":5,"column":52}},"4":{"start":{"line":6,"column":25},"end":{"line":6,"column":64}},"5":{"start":{"line":7,"column":13},"end":{"line":7,"column":43}},"6":{"start":{"line":8,"column":16},"end":{"line":8,"column":34}},"7":{"start":{"line":9,"column":15},"end":{"line":9,"column":44}},"8":{"start":{"line":13,"column":63},"end":{"line":13,"column":69}},"9":{"start":{"line":14,"column":4},"end":{"line":22,"column":7}},"10":{"start":{"line":11,"column":0},"end":{"line":11,"column":13}},"11":{"start":{"line":26,"column":13},"end":{"line":26,"column":47}}},"fnMap":{"0":{"name":"(anonymous_0)","decl":{"start":{"line":12,"column":2},"end":{"line":12,"column":7}},"loc":{"start":{"line":12,"column":111},"end":{"line":23,"column":3}}}},"branchMap":{"0":{"loc":{"start":{"line":5,"column":22},"end":{"line":5,"column":52}},"type":"binary-expr","locations":[{"start":{"line":5,"column":22},"end":{"line":5,"column":46}},{"start":{"line":5,"column":50},"end":{"line":5,"column":52}}]}},"s":{"0":1,"1":1,"2":1,"3":1,"4":1,"5":1,"6":1,"7":1,"8":0,"9":0,"10":1,"11":1},"f":{"0":0},"b":{"0":[1,1]}}
}
